Start testing: Sep 21 20:31 UTC
----------------------------------------------------------
1/5 Testing: NetworkSocketTest.TcpClientConstructor
1/5 Test: NetworkSocketTest.TcpClientConstructor
Command: "/home/runner/work/Async-BSD-Socket-Lib/Async-BSD-Socket-Lib/build/async_bsd_socket_lib_test" "--gtest_filter=NetworkSocketTest.TcpClientConstructor" "--gtest_also_run_disabled_tests"
Directory: /home/runner/work/Async-BSD-Socket-Lib/Async-BSD-Socket-Lib/build
"NetworkSocketTest.TcpClientConstructor" start time: Sep 21 20:31 UTC
Output:
----------------------------------------------------------
Running main() from /home/runner/work/Async-BSD-Socket-Lib/Async-BSD-Socket-Lib/build/_deps/googletest-src/googletest/src/gtest_main.cc
Note: Google Test filter = NetworkSocketTest.TcpClientConstructor
[==========] Running 1 test from 1 test suite.
[----------] Global test environment set-up.
[----------] 1 test from NetworkSocketTest
[ RUN      ] NetworkSocketTest.TcpClientConstructor
[       OK ] NetworkSocketTest.TcpClientConstructor (0 ms)
[----------] 1 test from NetworkSocketTest (0 ms total)

[----------] Global test environment tear-down
[==========] 1 test from 1 test suite ran. (0 ms total)
[  PASSED  ] 1 test.
<end of output>
Test time =   0.00 sec
----------------------------------------------------------
Test Passed.
"NetworkSocketTest.TcpClientConstructor" end time: Sep 21 20:31 UTC
"NetworkSocketTest.TcpClientConstructor" time elapsed: 00:00:00
----------------------------------------------------------

2/5 Testing: NetworkSocketTest.TcpListenerConstructor
2/5 Test: NetworkSocketTest.TcpListenerConstructor
Command: "/home/runner/work/Async-BSD-Socket-Lib/Async-BSD-Socket-Lib/build/async_bsd_socket_lib_test" "--gtest_filter=NetworkSocketTest.TcpListenerConstructor" "--gtest_also_run_disabled_tests"
Directory: /home/runner/work/Async-BSD-Socket-Lib/Async-BSD-Socket-Lib/build
"NetworkSocketTest.TcpListenerConstructor" start time: Sep 21 20:31 UTC
Output:
----------------------------------------------------------
Running main() from /home/runner/work/Async-BSD-Socket-Lib/Async-BSD-Socket-Lib/build/_deps/googletest-src/googletest/src/gtest_main.cc
Note: Google Test filter = NetworkSocketTest.TcpListenerConstructor
[==========] Running 1 test from 1 test suite.
[----------] Global test environment set-up.
[----------] 1 test from NetworkSocketTest
[ RUN      ] NetworkSocketTest.TcpListenerConstructor
[       OK ] NetworkSocketTest.TcpListenerConstructor (0 ms)
[----------] 1 test from NetworkSocketTest (0 ms total)

[----------] Global test environment tear-down
[==========] 1 test from 1 test suite ran. (0 ms total)
[  PASSED  ] 1 test.
<end of output>
Test time =   0.00 sec
----------------------------------------------------------
Test Passed.
"NetworkSocketTest.TcpListenerConstructor" end time: Sep 21 20:31 UTC
"NetworkSocketTest.TcpListenerConstructor" time elapsed: 00:00:00
----------------------------------------------------------

3/5 Testing: NetworkSocketTest.UdpClientConstructor
3/5 Test: NetworkSocketTest.UdpClientConstructor
Command: "/home/runner/work/Async-BSD-Socket-Lib/Async-BSD-Socket-Lib/build/async_bsd_socket_lib_test" "--gtest_filter=NetworkSocketTest.UdpClientConstructor" "--gtest_also_run_disabled_tests"
Directory: /home/runner/work/Async-BSD-Socket-Lib/Async-BSD-Socket-Lib/build
"NetworkSocketTest.UdpClientConstructor" start time: Sep 21 20:31 UTC
Output:
----------------------------------------------------------
Running main() from /home/runner/work/Async-BSD-Socket-Lib/Async-BSD-Socket-Lib/build/_deps/googletest-src/googletest/src/gtest_main.cc
Note: Google Test filter = NetworkSocketTest.UdpClientConstructor
[==========] Running 1 test from 1 test suite.
[----------] Global test environment set-up.
[----------] 1 test from NetworkSocketTest
[ RUN      ] NetworkSocketTest.UdpClientConstructor
[       OK ] NetworkSocketTest.UdpClientConstructor (0 ms)
[----------] 1 test from NetworkSocketTest (0 ms total)

[----------] Global test environment tear-down
[==========] 1 test from 1 test suite ran. (0 ms total)
[  PASSED  ] 1 test.
<end of output>
Test time =   0.00 sec
----------------------------------------------------------
Test Passed.
"NetworkSocketTest.UdpClientConstructor" end time: Sep 21 20:31 UTC
"NetworkSocketTest.UdpClientConstructor" time elapsed: 00:00:00
----------------------------------------------------------

4/5 Testing: TcpCommunicationTest.Connection
4/5 Test: TcpCommunicationTest.Connection
Command: "/home/runner/work/Async-BSD-Socket-Lib/Async-BSD-Socket-Lib/build/async_bsd_socket_lib_test" "--gtest_filter=TcpCommunicationTest.Connection" "--gtest_also_run_disabled_tests"
Directory: /home/runner/work/Async-BSD-Socket-Lib/Async-BSD-Socket-Lib/build
"TcpCommunicationTest.Connection" start time: Sep 21 20:31 UTC
Output:
----------------------------------------------------------
Running main() from /home/runner/work/Async-BSD-Socket-Lib/Async-BSD-Socket-Lib/build/_deps/googletest-src/googletest/src/gtest_main.cc
Note: Google Test filter = TcpCommunicationTest.Connection
[==========] Running 1 test from 1 test suite.
[----------] Global test environment set-up.
[----------] 1 test from TcpCommunicationTest
[ RUN      ] TcpCommunicationTest.Connection
[       OK ] TcpCommunicationTest.Connection (0 ms)
[----------] 1 test from TcpCommunicationTest (0 ms total)

[----------] Global test environment tear-down
[==========] 1 test from 1 test suite ran. (0 ms total)
[  PASSED  ] 1 test.
<end of output>
Test time =   0.00 sec
----------------------------------------------------------
Test Passed.
"TcpCommunicationTest.Connection" end time: Sep 21 20:31 UTC
"TcpCommunicationTest.Connection" time elapsed: 00:00:00
----------------------------------------------------------

5/5 Testing: TcpCommunicationTest.ServerSendClientReceive
5/5 Test: TcpCommunicationTest.ServerSendClientReceive
Command: "/home/runner/work/Async-BSD-Socket-Lib/Async-BSD-Socket-Lib/build/async_bsd_socket_lib_test" "--gtest_filter=TcpCommunicationTest.ServerSendClientReceive" "--gtest_also_run_disabled_tests"
Directory: /home/runner/work/Async-BSD-Socket-Lib/Async-BSD-Socket-Lib/build
"TcpCommunicationTest.ServerSendClientReceive" start time: Sep 21 20:31 UTC
Output:
----------------------------------------------------------
Running main() from /home/runner/work/Async-BSD-Socket-Lib/Async-BSD-Socket-Lib/build/_deps/googletest-src/googletest/src/gtest_main.cc
Note: Google Test filter = TcpCommunicationTest.ServerSendClientReceive
[==========] Running 1 test from 1 test suite.
[----------] Global test environment set-up.
[----------] 1 test from TcpCommunicationTest
[ RUN      ] TcpCommunicationTest.ServerSendClientReceive
[       OK ] TcpCommunicationTest.ServerSendClientReceive (0 ms)
[----------] 1 test from TcpCommunicationTest (0 ms total)

[----------] Global test environment tear-down
[==========] 1 test from 1 test suite ran. (0 ms total)
[  PASSED  ] 1 test.
<end of output>
Test time =   0.01 sec
----------------------------------------------------------
Test Passed.
"TcpCommunicationTest.ServerSendClientReceive" end time: Sep 21 20:31 UTC
"TcpCommunicationTest.ServerSendClientReceive" time elapsed: 00:00:00
----------------------------------------------------------

End testing: Sep 21 20:31 UTC
