Start testing: Jan 13 20:04 UTC
----------------------------------------------------------
1/14 Testing: NetworkSocketTest.TcpClientConstructor
1/14 Test: NetworkSocketTest.TcpClientConstructor
Command: "/home/runner/work/Async-BSD-Socket-Lib/Async-BSD-Socket-Lib/build/async_bsd_socket_lib_test" "--gtest_filter=NetworkSocketTest.TcpClientConstructor" "--gtest_also_run_disabled_tests"
Directory: /home/runner/work/Async-BSD-Socket-Lib/Async-BSD-Socket-Lib/build
"NetworkSocketTest.TcpClientConstructor" start time: Jan 13 20:04 UTC
Output:
----------------------------------------------------------
Running main() from /home/runner/work/Async-BSD-Socket-Lib/Async-BSD-Socket-Lib/build/_deps/googletest-src/googletest/src/gtest_main.cc
Note: Google Test filter = NetworkSocketTest.TcpClientConstructor
[==========] Running 1 test from 1 test suite.
[----------] Global test environment set-up.
[----------] 1 test from NetworkSocketTest
[ RUN      ] NetworkSocketTest.TcpClientConstructor
[       OK ] NetworkSocketTest.TcpClientConstructor (0 ms)
[----------] 1 test from NetworkSocketTest (0 ms total)

[----------] Global test environment tear-down
[==========] 1 test from 1 test suite ran. (0 ms total)
[  PASSED  ] 1 test.
<end of output>
Test time =   0.00 sec
----------------------------------------------------------
Test Passed.
"NetworkSocketTest.TcpClientConstructor" end time: Jan 13 20:04 UTC
"NetworkSocketTest.TcpClientConstructor" time elapsed: 00:00:00
----------------------------------------------------------

2/14 Testing: NetworkSocketTest.TcpListenerConstructor
2/14 Test: NetworkSocketTest.TcpListenerConstructor
Command: "/home/runner/work/Async-BSD-Socket-Lib/Async-BSD-Socket-Lib/build/async_bsd_socket_lib_test" "--gtest_filter=NetworkSocketTest.TcpListenerConstructor" "--gtest_also_run_disabled_tests"
Directory: /home/runner/work/Async-BSD-Socket-Lib/Async-BSD-Socket-Lib/build
"NetworkSocketTest.TcpListenerConstructor" start time: Jan 13 20:04 UTC
Output:
----------------------------------------------------------
Running main() from /home/runner/work/Async-BSD-Socket-Lib/Async-BSD-Socket-Lib/build/_deps/googletest-src/googletest/src/gtest_main.cc
Note: Google Test filter = NetworkSocketTest.TcpListenerConstructor
[==========] Running 1 test from 1 test suite.
[----------] Global test environment set-up.
[----------] 1 test from NetworkSocketTest
[ RUN      ] NetworkSocketTest.TcpListenerConstructor
[       OK ] NetworkSocketTest.TcpListenerConstructor (0 ms)
[----------] 1 test from NetworkSocketTest (0 ms total)

[----------] Global test environment tear-down
[==========] 1 test from 1 test suite ran. (0 ms total)
[  PASSED  ] 1 test.
<end of output>
Test time =   0.00 sec
----------------------------------------------------------
Test Passed.
"NetworkSocketTest.TcpListenerConstructor" end time: Jan 13 20:04 UTC
"NetworkSocketTest.TcpListenerConstructor" time elapsed: 00:00:00
----------------------------------------------------------

3/14 Testing: NetworkSocketTest.UdpClientConstructor
3/14 Test: NetworkSocketTest.UdpClientConstructor
Command: "/home/runner/work/Async-BSD-Socket-Lib/Async-BSD-Socket-Lib/build/async_bsd_socket_lib_test" "--gtest_filter=NetworkSocketTest.UdpClientConstructor" "--gtest_also_run_disabled_tests"
Directory: /home/runner/work/Async-BSD-Socket-Lib/Async-BSD-Socket-Lib/build
"NetworkSocketTest.UdpClientConstructor" start time: Jan 13 20:04 UTC
Output:
----------------------------------------------------------
Running main() from /home/runner/work/Async-BSD-Socket-Lib/Async-BSD-Socket-Lib/build/_deps/googletest-src/googletest/src/gtest_main.cc
Note: Google Test filter = NetworkSocketTest.UdpClientConstructor
[==========] Running 1 test from 1 test suite.
[----------] Global test environment set-up.
[----------] 1 test from NetworkSocketTest
[ RUN      ] NetworkSocketTest.UdpClientConstructor
[       OK ] NetworkSocketTest.UdpClientConstructor (0 ms)
[----------] 1 test from NetworkSocketTest (0 ms total)

[----------] Global test environment tear-down
[==========] 1 test from 1 test suite ran. (0 ms total)
[  PASSED  ] 1 test.
<end of output>
Test time =   0.00 sec
----------------------------------------------------------
Test Passed.
"NetworkSocketTest.UdpClientConstructor" end time: Jan 13 20:04 UTC
"NetworkSocketTest.UdpClientConstructor" time elapsed: 00:00:00
----------------------------------------------------------

4/14 Testing: TcpCommunicationTest.Connection
4/14 Test: TcpCommunicationTest.Connection
Command: "/home/runner/work/Async-BSD-Socket-Lib/Async-BSD-Socket-Lib/build/async_bsd_socket_lib_test" "--gtest_filter=TcpCommunicationTest.Connection" "--gtest_also_run_disabled_tests"
Directory: /home/runner/work/Async-BSD-Socket-Lib/Async-BSD-Socket-Lib/build
"TcpCommunicationTest.Connection" start time: Jan 13 20:04 UTC
Output:
----------------------------------------------------------
Running main() from /home/runner/work/Async-BSD-Socket-Lib/Async-BSD-Socket-Lib/build/_deps/googletest-src/googletest/src/gtest_main.cc
Note: Google Test filter = TcpCommunicationTest.Connection
[==========] Running 1 test from 1 test suite.
[----------] Global test environment set-up.
[----------] 1 test from TcpCommunicationTest
[ RUN      ] TcpCommunicationTest.Connection
[       OK ] TcpCommunicationTest.Connection (0 ms)
[----------] 1 test from TcpCommunicationTest (0 ms total)

[----------] Global test environment tear-down
[==========] 1 test from 1 test suite ran. (0 ms total)
[  PASSED  ] 1 test.
<end of output>
Test time =   0.00 sec
----------------------------------------------------------
Test Passed.
"TcpCommunicationTest.Connection" end time: Jan 13 20:04 UTC
"TcpCommunicationTest.Connection" time elapsed: 00:00:00
----------------------------------------------------------

5/14 Testing: TcpCommunicationTest.ServerSendClientReceive
5/14 Test: TcpCommunicationTest.ServerSendClientReceive
Command: "/home/runner/work/Async-BSD-Socket-Lib/Async-BSD-Socket-Lib/build/async_bsd_socket_lib_test" "--gtest_filter=TcpCommunicationTest.ServerSendClientReceive" "--gtest_also_run_disabled_tests"
Directory: /home/runner/work/Async-BSD-Socket-Lib/Async-BSD-Socket-Lib/build
"TcpCommunicationTest.ServerSendClientReceive" start time: Jan 13 20:04 UTC
Output:
----------------------------------------------------------
Running main() from /home/runner/work/Async-BSD-Socket-Lib/Async-BSD-Socket-Lib/build/_deps/googletest-src/googletest/src/gtest_main.cc
Note: Google Test filter = TcpCommunicationTest.ServerSendClientReceive
[==========] Running 1 test from 1 test suite.
[----------] Global test environment set-up.
[----------] 1 test from TcpCommunicationTest
[ RUN      ] TcpCommunicationTest.ServerSendClientReceive
[       OK ] TcpCommunicationTest.ServerSendClientReceive (0 ms)
[----------] 1 test from TcpCommunicationTest (0 ms total)

[----------] Global test environment tear-down
[==========] 1 test from 1 test suite ran. (0 ms total)
[  PASSED  ] 1 test.
<end of output>
Test time =   0.00 sec
----------------------------------------------------------
Test Passed.
"TcpCommunicationTest.ServerSendClientReceive" end time: Jan 13 20:04 UTC
"TcpCommunicationTest.ServerSendClientReceive" time elapsed: 00:00:00
----------------------------------------------------------

6/14 Testing: TcpCommunicationTest.ClientSendServerReceive
6/14 Test: TcpCommunicationTest.ClientSendServerReceive
Command: "/home/runner/work/Async-BSD-Socket-Lib/Async-BSD-Socket-Lib/build/async_bsd_socket_lib_test" "--gtest_filter=TcpCommunicationTest.ClientSendServerReceive" "--gtest_also_run_disabled_tests"
Directory: /home/runner/work/Async-BSD-Socket-Lib/Async-BSD-Socket-Lib/build
"TcpCommunicationTest.ClientSendServerReceive" start time: Jan 13 20:04 UTC
Output:
----------------------------------------------------------
Running main() from /home/runner/work/Async-BSD-Socket-Lib/Async-BSD-Socket-Lib/build/_deps/googletest-src/googletest/src/gtest_main.cc
Note: Google Test filter = TcpCommunicationTest.ClientSendServerReceive
[==========] Running 1 test from 1 test suite.
[----------] Global test environment set-up.
[----------] 1 test from TcpCommunicationTest
[ RUN      ] TcpCommunicationTest.ClientSendServerReceive
[       OK ] TcpCommunicationTest.ClientSendServerReceive (0 ms)
[----------] 1 test from TcpCommunicationTest (0 ms total)

[----------] Global test environment tear-down
[==========] 1 test from 1 test suite ran. (0 ms total)
[  PASSED  ] 1 test.
<end of output>
Test time =   0.00 sec
----------------------------------------------------------
Test Passed.
"TcpCommunicationTest.ClientSendServerReceive" end time: Jan 13 20:04 UTC
"TcpCommunicationTest.ClientSendServerReceive" time elapsed: 00:00:00
----------------------------------------------------------

7/14 Testing: UdpUnicastTest.CheckSetup
7/14 Test: UdpUnicastTest.CheckSetup
Command: "/home/runner/work/Async-BSD-Socket-Lib/Async-BSD-Socket-Lib/build/async_bsd_socket_lib_test" "--gtest_filter=UdpUnicastTest.CheckSetup" "--gtest_also_run_disabled_tests"
Directory: /home/runner/work/Async-BSD-Socket-Lib/Async-BSD-Socket-Lib/build
"UdpUnicastTest.CheckSetup" start time: Jan 13 20:04 UTC
Output:
----------------------------------------------------------
Running main() from /home/runner/work/Async-BSD-Socket-Lib/Async-BSD-Socket-Lib/build/_deps/googletest-src/googletest/src/gtest_main.cc
Note: Google Test filter = UdpUnicastTest.CheckSetup
[==========] Running 1 test from 1 test suite.
[----------] Global test environment set-up.
[----------] 1 test from UdpUnicastTest
[ RUN      ] UdpUnicastTest.CheckSetup
[       OK ] UdpUnicastTest.CheckSetup (0 ms)
[----------] 1 test from UdpUnicastTest (0 ms total)

[----------] Global test environment tear-down
[==========] 1 test from 1 test suite ran. (0 ms total)
[  PASSED  ] 1 test.
<end of output>
Test time =   0.00 sec
----------------------------------------------------------
Test Passed.
"UdpUnicastTest.CheckSetup" end time: Jan 13 20:04 UTC
"UdpUnicastTest.CheckSetup" time elapsed: 00:00:00
----------------------------------------------------------

8/14 Testing: UdpUnicastTest.Echo
8/14 Test: UdpUnicastTest.Echo
Command: "/home/runner/work/Async-BSD-Socket-Lib/Async-BSD-Socket-Lib/build/async_bsd_socket_lib_test" "--gtest_filter=UdpUnicastTest.Echo" "--gtest_also_run_disabled_tests"
Directory: /home/runner/work/Async-BSD-Socket-Lib/Async-BSD-Socket-Lib/build
"UdpUnicastTest.Echo" start time: Jan 13 20:04 UTC
Output:
----------------------------------------------------------
Running main() from /home/runner/work/Async-BSD-Socket-Lib/Async-BSD-Socket-Lib/build/_deps/googletest-src/googletest/src/gtest_main.cc
Note: Google Test filter = UdpUnicastTest.Echo
[==========] Running 1 test from 1 test suite.
[----------] Global test environment set-up.
[----------] 1 test from UdpUnicastTest
[ RUN      ] UdpUnicastTest.Echo
[       OK ] UdpUnicastTest.Echo (0 ms)
[----------] 1 test from UdpUnicastTest (0 ms total)

[----------] Global test environment tear-down
[==========] 1 test from 1 test suite ran. (0 ms total)
[  PASSED  ] 1 test.
<end of output>
Test time =   0.00 sec
----------------------------------------------------------
Test Passed.
"UdpUnicastTest.Echo" end time: Jan 13 20:04 UTC
"UdpUnicastTest.Echo" time elapsed: 00:00:00
----------------------------------------------------------

9/14 Testing: UdpMulticastTest.SetupCheck
9/14 Test: UdpMulticastTest.SetupCheck
Command: "/home/runner/work/Async-BSD-Socket-Lib/Async-BSD-Socket-Lib/build/async_bsd_socket_lib_test" "--gtest_filter=UdpMulticastTest.SetupCheck" "--gtest_also_run_disabled_tests"
Directory: /home/runner/work/Async-BSD-Socket-Lib/Async-BSD-Socket-Lib/build
"UdpMulticastTest.SetupCheck" start time: Jan 13 20:04 UTC
Output:
----------------------------------------------------------
Running main() from /home/runner/work/Async-BSD-Socket-Lib/Async-BSD-Socket-Lib/build/_deps/googletest-src/googletest/src/gtest_main.cc
Note: Google Test filter = UdpMulticastTest.SetupCheck
[==========] Running 1 test from 1 test suite.
[----------] Global test environment set-up.
[----------] 1 test from UdpMulticastTest
[ RUN      ] UdpMulticastTest.SetupCheck
[       OK ] UdpMulticastTest.SetupCheck (0 ms)
[----------] 1 test from UdpMulticastTest (0 ms total)

[----------] Global test environment tear-down
[==========] 1 test from 1 test suite ran. (0 ms total)
[  PASSED  ] 1 test.
<end of output>
Test time =   0.00 sec
----------------------------------------------------------
Test Passed.
"UdpMulticastTest.SetupCheck" end time: Jan 13 20:04 UTC
"UdpMulticastTest.SetupCheck" time elapsed: 00:00:00
----------------------------------------------------------

10/14 Testing: UdpMulticastTest.AliceBobTalk
10/14 Test: UdpMulticastTest.AliceBobTalk
Command: "/home/runner/work/Async-BSD-Socket-Lib/Async-BSD-Socket-Lib/build/async_bsd_socket_lib_test" "--gtest_filter=UdpMulticastTest.AliceBobTalk" "--gtest_also_run_disabled_tests"
Directory: /home/runner/work/Async-BSD-Socket-Lib/Async-BSD-Socket-Lib/build
"UdpMulticastTest.AliceBobTalk" start time: Jan 13 20:04 UTC
Output:
----------------------------------------------------------
Running main() from /home/runner/work/Async-BSD-Socket-Lib/Async-BSD-Socket-Lib/build/_deps/googletest-src/googletest/src/gtest_main.cc
Note: Google Test filter = UdpMulticastTest.AliceBobTalk
[==========] Running 1 test from 1 test suite.
[----------] Global test environment set-up.
[----------] 1 test from UdpMulticastTest
[ RUN      ] UdpMulticastTest.AliceBobTalk
[       OK ] UdpMulticastTest.AliceBobTalk (0 ms)
[----------] 1 test from UdpMulticastTest (0 ms total)

[----------] Global test environment tear-down
[==========] 1 test from 1 test suite ran. (0 ms total)
[  PASSED  ] 1 test.
<end of output>
Test time =   0.00 sec
----------------------------------------------------------
Test Passed.
"UdpMulticastTest.AliceBobTalk" end time: Jan 13 20:04 UTC
"UdpMulticastTest.AliceBobTalk" time elapsed: 00:00:00
----------------------------------------------------------

11/14 Testing: UdpMulticastTest.AliceBobEveTalk
11/14 Test: UdpMulticastTest.AliceBobEveTalk
Command: "/home/runner/work/Async-BSD-Socket-Lib/Async-BSD-Socket-Lib/build/async_bsd_socket_lib_test" "--gtest_filter=UdpMulticastTest.AliceBobEveTalk" "--gtest_also_run_disabled_tests"
Directory: /home/runner/work/Async-BSD-Socket-Lib/Async-BSD-Socket-Lib/build
"UdpMulticastTest.AliceBobEveTalk" start time: Jan 13 20:04 UTC
Output:
----------------------------------------------------------
Running main() from /home/runner/work/Async-BSD-Socket-Lib/Async-BSD-Socket-Lib/build/_deps/googletest-src/googletest/src/gtest_main.cc
Note: Google Test filter = UdpMulticastTest.AliceBobEveTalk
[==========] Running 1 test from 1 test suite.
[----------] Global test environment set-up.
[----------] 1 test from UdpMulticastTest
[ RUN      ] UdpMulticastTest.AliceBobEveTalk
[       OK ] UdpMulticastTest.AliceBobEveTalk (0 ms)
[----------] 1 test from UdpMulticastTest (0 ms total)

[----------] Global test environment tear-down
[==========] 1 test from 1 test suite ran. (0 ms total)
[  PASSED  ] 1 test.
<end of output>
Test time =   0.00 sec
----------------------------------------------------------
Test Passed.
"UdpMulticastTest.AliceBobEveTalk" end time: Jan 13 20:04 UTC
"UdpMulticastTest.AliceBobEveTalk" time elapsed: 00:00:00
----------------------------------------------------------

12/14 Testing: PollerTest.ServerClientPoll
12/14 Test: PollerTest.ServerClientPoll
Command: "/home/runner/work/Async-BSD-Socket-Lib/Async-BSD-Socket-Lib/build/async_bsd_socket_lib_test" "--gtest_filter=PollerTest.ServerClientPoll" "--gtest_also_run_disabled_tests"
Directory: /home/runner/work/Async-BSD-Socket-Lib/Async-BSD-Socket-Lib/build
"PollerTest.ServerClientPoll" start time: Jan 13 20:04 UTC
Output:
----------------------------------------------------------
Running main() from /home/runner/work/Async-BSD-Socket-Lib/Async-BSD-Socket-Lib/build/_deps/googletest-src/googletest/src/gtest_main.cc
Note: Google Test filter = PollerTest.ServerClientPoll
[==========] Running 1 test from 1 test suite.
[----------] Global test environment set-up.
[----------] 1 test from PollerTest
[ RUN      ] PollerTest.ServerClientPoll
[       OK ] PollerTest.ServerClientPoll (0 ms)
[----------] 1 test from PollerTest (0 ms total)

[----------] Global test environment tear-down
[==========] 1 test from 1 test suite ran. (0 ms total)
[  PASSED  ] 1 test.
<end of output>
Test time =   0.00 sec
----------------------------------------------------------
Test Passed.
"PollerTest.ServerClientPoll" end time: Jan 13 20:04 UTC
"PollerTest.ServerClientPoll" time elapsed: 00:00:00
----------------------------------------------------------

13/14 Testing: FifoTest.DescriptorValidity
13/14 Test: FifoTest.DescriptorValidity
Command: "/home/runner/work/Async-BSD-Socket-Lib/Async-BSD-Socket-Lib/build/async_bsd_socket_lib_test" "--gtest_filter=FifoTest.DescriptorValidity" "--gtest_also_run_disabled_tests"
Directory: /home/runner/work/Async-BSD-Socket-Lib/Async-BSD-Socket-Lib/build
"FifoTest.DescriptorValidity" start time: Jan 13 20:04 UTC
Output:
----------------------------------------------------------
Running main() from /home/runner/work/Async-BSD-Socket-Lib/Async-BSD-Socket-Lib/build/_deps/googletest-src/googletest/src/gtest_main.cc
Note: Google Test filter = FifoTest.DescriptorValidity
[==========] Running 1 test from 1 test suite.
[----------] Global test environment set-up.
[----------] 1 test from FifoTest
[ RUN      ] FifoTest.DescriptorValidity
[       OK ] FifoTest.DescriptorValidity (0 ms)
[----------] 1 test from FifoTest (0 ms total)

[----------] Global test environment tear-down
[==========] 1 test from 1 test suite ran. (0 ms total)
[  PASSED  ] 1 test.
<end of output>
Test time =   0.00 sec
----------------------------------------------------------
Test Passed.
"FifoTest.DescriptorValidity" end time: Jan 13 20:04 UTC
"FifoTest.DescriptorValidity" time elapsed: 00:00:00
----------------------------------------------------------

14/14 Testing: FifoTest.TransmissionValidity
14/14 Test: FifoTest.TransmissionValidity
Command: "/home/runner/work/Async-BSD-Socket-Lib/Async-BSD-Socket-Lib/build/async_bsd_socket_lib_test" "--gtest_filter=FifoTest.TransmissionValidity" "--gtest_also_run_disabled_tests"
Directory: /home/runner/work/Async-BSD-Socket-Lib/Async-BSD-Socket-Lib/build
"FifoTest.TransmissionValidity" start time: Jan 13 20:04 UTC
Output:
----------------------------------------------------------
Running main() from /home/runner/work/Async-BSD-Socket-Lib/Async-BSD-Socket-Lib/build/_deps/googletest-src/googletest/src/gtest_main.cc
Note: Google Test filter = FifoTest.TransmissionValidity
[==========] Running 1 test from 1 test suite.
[----------] Global test environment set-up.
[----------] 1 test from FifoTest
[ RUN      ] FifoTest.TransmissionValidity
[       OK ] FifoTest.TransmissionValidity (0 ms)
[----------] 1 test from FifoTest (0 ms total)

[----------] Global test environment tear-down
[==========] 1 test from 1 test suite ran. (0 ms total)
[  PASSED  ] 1 test.
<end of output>
Test time =   0.00 sec
----------------------------------------------------------
Test Passed.
"FifoTest.TransmissionValidity" end time: Jan 13 20:04 UTC
"FifoTest.TransmissionValidity" time elapsed: 00:00:00
----------------------------------------------------------

End testing: Jan 13 20:04 UTC
